#
# A fatal error has been detected by the Java Runtime Environment:
#
#  EXCEPTION_ACCESS_VIOLATION (0xc0000005) at pc=0x6d9a9dac, pid=2832, tid=5412
#
# JRE version: 6.0_20-b02
# Java VM: Java HotSpot(TM) Client VM (16.3-b01 mixed mode, sharing windows-x86 )
# Problematic frame:
# V  [jvm.dll+0xf9dac]
#
# If you would like to submit a bug report, please visit:
#   http://java.sun.com/webapps/bugreport/crash.jsp
#

---------------  T H R E A D  ---------------

Current thread (0x015a4c00):  JavaThread "Java2D Disposer" daemon [_thread_in_vm, id=5412, stack(0x03990000,0x039e0000)]

siginfo: ExceptionCode=0xc0000005, reading address 0x00000000

Registers:
EAX=0x015785a0, EBX=0x00000000, ECX=0x00000000, EDX=0x039dfa28
ESP=0x039dfa18, EBP=0x039dfaf4, ESI=0x015b5258, EDI=0x015a4c00
EIP=0x6d9a9dac, EFLAGS=0x00010203

Top of Stack: (sp=0x039dfa18)
0x039dfa18:   015a4c00 015a4d10 01572180 6d9a051d
0x039dfa28:   015785a0 039dfb68 039dfa48 039dfa60
0x039dfa38:   015a4c00 001e0000 03ac1ef0 00000000
0x039dfa48:   0d00000d 039dfa60 03ac19b8 03c2ff78
0x039dfa58:   77345e6c 7552179c 000001d8 00000000
0x039dfa68:   755217c4 63171201 0156cd20 000001d8
0x039dfa78:   0156cd00 00000024 00000001 00000000
0x039dfa88:   00000000 00000100 00000000 00000000 

Instructions: (pc=0x6d9a9dac)
0x6d9a9d9c:   01 8b 4d b0 8b 55 a4 8b 45 f4 89 04 8a ff 45 b0
0x6d9a9dac:   8b 03 8b 48 08 0f b7 51 2a 8b 40 0c 8b 4c 90 24 


Stack: [0x03990000,0x039e0000],  sp=0x039dfa18,  free space=13e039df534k
Native frames: (J=compiled Java code, j=interpreted, Vv=VM code, C=native code)
V  [jvm.dll+0xf9dac]
V  [jvm.dll+0xfcc07]
C  [awt.dll+0x6c71c]
j  java.awt.Cursor.finalizeImpl(J)V+0
j  java.awt.Cursor.access$000(J)V+1
j  java.awt.Cursor$CursorDisposer.dispose()V+13
j  sun.java2d.Disposer.run()V+26
j  java.lang.Thread.run()V+11
v  ~StubRoutines::call_stub
V  [jvm.dll+0xf049c]
V  [jvm.dll+0x17fcf1]
V  [jvm.dll+0xf0667]
V  [jvm.dll+0xf06dd]
V  [jvm.dll+0x11a2a0]
V  [jvm.dll+0x1ddb14]
V  [jvm.dll+0x17f96c]
C  [msvcr71.dll+0x9565]
C  [kernel32.dll+0x51194]
C  [ntdll.dll+0x5b3f5]
C  [ntdll.dll+0x5b3c8]

Java frames: (J=compiled Java code, j=interpreted, Vv=VM code)
j  java.awt.Cursor.finalizeImpl(J)V+0
j  java.awt.Cursor.access$000(J)V+1
j  java.awt.Cursor$CursorDisposer.dispose()V+13
j  sun.java2d.Disposer.run()V+26
j  java.lang.Thread.run()V+11
v  ~StubRoutines::call_stub

---------------  P R O C E S S  ---------------

Java Threads: ( => current thread )
  0x0157fc00 JavaThread "Thread-1" daemon [_thread_in_native, id=5496, stack(0x04050000,0x040a0000)]
  0x03a88800 JavaThread "TimerQueue" daemon [_thread_blocked, id=4432, stack(0x062b0000,0x06300000)]
  0x01502400 JavaThread "DestroyJavaVM" [_thread_blocked, id=2616, stack(0x00190000,0x001e0000)]
  0x0159e800 JavaThread "AWT-EventQueue-0" [_thread_blocked, id=3244, stack(0x03f00000,0x03f50000)]
  0x0159d800 JavaThread "AWT-Shutdown" [_thread_blocked, id=896, stack(0x03df0000,0x03e40000)]
=>0x015a4c00 JavaThread "Java2D Disposer" daemon [_thread_in_vm, id=5412, stack(0x03990000,0x039e0000)]
  0x01576800 JavaThread "Low Memory Detector" daemon [_thread_blocked, id=1956, stack(0x038f0000,0x03940000)]
  0x0156f000 JavaThread "CompilerThread0" daemon [_thread_blocked, id=5428, stack(0x038a0000,0x038f0000)]
  0x0156dc00 JavaThread "Attach Listener" daemon [_thread_blocked, id=2324, stack(0x03850000,0x038a0000)]
  0x0156a400 JavaThread "Signal Dispatcher" daemon [_thread_blocked, id=3164, stack(0x03800000,0x03850000)]
  0x01528c00 JavaThread "Finalizer" daemon [_thread_blocked, id=1500, stack(0x037b0000,0x03800000)]
  0x01527800 JavaThread "Reference Handler" daemon [_thread_blocked, id=4416, stack(0x03760000,0x037b0000)]

Other Threads:
  0x01526400 VMThread [stack: 0x03710000,0x03760000] [id=4604]
  0x01599800 WatcherThread [stack: 0x03940000,0x03990000] [id=5544]

VM state:not at safepoint (normal execution)

VM Mutex/Monitor currently owned by a thread: None

Heap
 def new generation   total 4928K, used 92K [0x236a0000, 0x23bf0000, 0x28bf0000)
  eden space 4416K,   1% used [0x236a0000, 0x236b4af8, 0x23af0000)
  from space 512K,   1% used [0x23b70000, 0x23b726c0, 0x23bf0000)
  to   space 512K,   0% used [0x23af0000, 0x23af0000, 0x23b70000)
 tenured generation   total 10944K, used 1617K [0x28bf0000, 0x296a0000, 0x336a0000)
   the space 10944K,  14% used [0x28bf0000, 0x28d84708, 0x28d84800, 0x296a0000)
 compacting perm gen  total 12288K, used 1017K [0x336a0000, 0x342a0000, 0x376a0000)
   the space 12288K,   8% used [0x336a0000, 0x3379e538, 0x3379e600, 0x342a0000)
    ro space 10240K,  54% used [0x376a0000, 0x37c1b760, 0x37c1b800, 0x380a0000)
    rw space 12288K,  55% used [0x380a0000, 0x3873f798, 0x3873f800, 0x38ca0000)

Dynamic libraries:
0x00400000 - 0x00424000 	C:\Program Files\Java\jdk1.6.0_20\bin\java.exe
0x77300000 - 0x7743c000 	C:\Windows\SYSTEM32\ntdll.dll
0x75770000 - 0x75844000 	C:\Windows\system32\kernel32.dll
0x75520000 - 0x7556a000 	C:\Windows\system32\KERNELBASE.dll
0x75a60000 - 0x75b00000 	C:\Windows\system32\ADVAPI32.dll
0x75f70000 - 0x7601c000 	C:\Windows\system32\msvcrt.dll
0x76f40000 - 0x76f59000 	C:\Windows\SYSTEM32\sechost.dll
0x76d40000 - 0x76de1000 	C:\Windows\system32\RPCRT4.dll
0x7c340000 - 0x7c396000 	C:\Program Files\Java\jdk1.6.0_20\jre\bin\msvcr71.dll
0x6d8b0000 - 0x6db47000 	C:\Program Files\Java\jdk1.6.0_20\jre\bin\client\jvm.dll
0x77460000 - 0x77529000 	C:\Windows\system32\USER32.dll
0x76e80000 - 0x76ece000 	C:\Windows\system32\GDI32.dll
0x77440000 - 0x7744a000 	C:\Windows\system32\LPK.dll
0x77260000 - 0x772fd000 	C:\Windows\system32\USP10.dll
0x6e9d0000 - 0x6ea02000 	C:\Windows\system32\WINMM.dll
0x75a40000 - 0x75a5f000 	C:\Windows\system32\IMM32.DLL
0x76c70000 - 0x76d3c000 	C:\Windows\system32\MSCTF.dll
0x75380000 - 0x753cb000 	C:\Windows\system32\apphelp.dll
0x6d860000 - 0x6d86c000 	C:\Program Files\Java\jdk1.6.0_20\jre\bin\verify.dll
0x6d3e0000 - 0x6d3ff000 	C:\Program Files\Java\jdk1.6.0_20\jre\bin\java.dll
0x6d340000 - 0x6d348000 	C:\Program Files\Java\jdk1.6.0_20\jre\bin\hpi.dll
0x75750000 - 0x75755000 	C:\Windows\system32\PSAPI.DLL
0x6d8a0000 - 0x6d8af000 	C:\Program Files\Java\jdk1.6.0_20\jre\bin\zip.dll
0x6d0b0000 - 0x6d1fa000 	C:\Program Files\Java\jdk1.6.0_20\jre\bin\awt.dll
0x710c0000 - 0x71111000 	C:\Windows\system32\WINSPOOL.DRV
0x75d00000 - 0x75e5c000 	C:\Windows\system32\ole32.dll
0x74340000 - 0x744de000 	C:\Windows\WinSxS\x86_microsoft.windows.common-controls_6595b64144ccf1df_6.0.7600.16385_none_421189da2b7fabfc\COMCTL32.dll
0x759e0000 - 0x75a37000 	C:\Windows\system32\SHLWAPI.dll
0x737c0000 - 0x737d3000 	C:\Windows\system32\DWMAPI.DLL
0x741c0000 - 0x74200000 	C:\Windows\system32\uxtheme.dll
0x10000000 - 0x10012000 	C:\Program Files\RocketDock\RocketDock.dll
0x753d0000 - 0x753dc000 	C:\Windows\system32\CRYPTBASE.dll
0x6d2e0000 - 0x6d334000 	C:\Program Files\Java\jdk1.6.0_20\jre\bin\fontmanager.dll
0x61ea0000 - 0x627a3000 	C:\Windows\system32\nvd3dum.dll
0x73c80000 - 0x73ca5000 	C:\Windows\system32\powrprof.dll
0x76fc0000 - 0x7715d000 	C:\Windows\system32\SETUPAPI.dll
0x75570000 - 0x75597000 	C:\Windows\system32\CFGMGR32.dll
0x76df0000 - 0x76e7f000 	C:\Windows\system32\OLEAUT32.dll
0x75500000 - 0x75512000 	C:\Windows\system32\DEVOBJ.dll
0x76020000 - 0x76c69000 	C:\Windows\system32\shell32.dll
0x6d6c0000 - 0x6d6d3000 	C:\Program Files\Java\jdk1.6.0_20\jre\bin\net.dll
0x76f00000 - 0x76f35000 	C:\Windows\system32\WS2_32.dll
0x77450000 - 0x77456000 	C:\Windows\system32\NSI.dll
0x74ec0000 - 0x74efc000 	C:\Windows\system32\mswsock.dll
0x74eb0000 - 0x74eb6000 	C:\Windows\System32\wship6.dll
0x6d6e0000 - 0x6d6e9000 	C:\Program Files\Java\jdk1.6.0_20\jre\bin\nio.dll
0x74f00000 - 0x74f16000 	C:\Windows\system32\CRYPTSP.dll
0x74c70000 - 0x74cab000 	C:\Windows\system32\rsaenh.dll
0x75440000 - 0x7544e000 	C:\Windows\system32\RpcRtRemote.dll

VM Arguments:
jvm_args: -Dfile.encoding=UTF-8 
java_command: GUI.GUI_principal
Launcher Type: SUN_STANDARD

Environment Variables:
CLASSPATH=C:\Program Files\Java\jdk1.6.0_20\bin
PATH=C:\Program Files\CollabNet Subversion Client;C:\Program Files\PC Connectivity Solution\;C:\Program Files\Common Files\Microsoft Shared\Windows Live;C:\Windows\system32;C:\Windows;C:\Windows\System32\Wbem;C:\Windows\System32\WindowsPowerShell\v1.0\;C:\Program Files\Java\jdk1.6.0_16\bin;C:\Program Files\Common Files\DivX Shared\;C:\Program Files\TortoiseSVN\bin;C:\Program Files\Java\jdk1.6.0_20\bin;C:\Program Files\Common Files\Microsoft Shared\Windows Live
USERNAME=fires
OS=Windows_NT
PROCESSOR_IDENTIFIER=x86 Family 6 Model 23 Stepping 10, GenuineIntel



---------------  S Y S T E M  ---------------

OS: Windows 7 Build 7600 

CPU:total 1 (2 cores per cpu, 1 threads per core) family 6 model 23 stepping 10, cmov, cx8, fxsr, mmx, sse, sse2, sse3, ssse3, sse4.1

Memory: 4k page, physical 3144888k(2215504k free), swap 6287952k(4150348k free)

vm_info: Java HotSpot(TM) Client VM (16.3-b01) for windows-x86 JRE (1.6.0_20-b02), built on Apr 12 2010 13:52:23 by "java_re" with MS VC++ 7.1 (VS2003)

time: Sun May 09 07:45:35 2010
elapsed time: 15 seconds

