#
# A fatal error has been detected by the Java Runtime Environment:
#
#  EXCEPTION_ACCESS_VIOLATION (0xc0000005) at pc=0x6d9ad56c, pid=4092, tid=2892
#
# JRE version: 6.0_21-b06
# Java VM: Java HotSpot(TM) Client VM (17.0-b16 mixed mode, sharing windows-x86 )
# Problematic frame:
# V  [jvm.dll+0xfd56c]
#
# If you would like to submit a bug report, please visit:
#   http://java.sun.com/webapps/bugreport/crash.jsp
#

---------------  T H R E A D  ---------------

Current thread (0x02c05000):  JavaThread "Java2D Disposer" daemon [_thread_in_vm, id=2892, stack(0x03100000,0x03150000)]

siginfo: ExceptionCode=0xc0000005, reading address 0x00000000

Registers:
EAX=0x02c4c2a8, EBX=0x00000000, ECX=0x00000000, EDX=0x0314f858
ESP=0x0314f848, EBP=0x0314f924, ESI=0x02c040e8, EDI=0x02c05000
EIP=0x6d9ad56c, EFLAGS=0x00010203

Top of Stack: (sp=0x0314f848)
0x0314f848:   02c05000 02c05118 02c4d684 6d9a3b3d
0x0314f858:   02c4c2a8 0314f998 0314f878 0314f890
0x0314f868:   02c05000 0314f958 6d9ad385 0314f998
0x0314f878:   02c4c2a8 0314f890 0361dd90 0314f8a0
0x0314f888:   7c910f46 00000019 0361dd90 000b0000
0x0314f898:   0361dd68 00000000 0314f974 7c910d5c
0x0314f8a8:   0361e2f0 7c910e91 000b0608 7c91056d
0x0314f8b8:   0361dd90 03610170 03952a54 00000000 

Instructions: (pc=0x6d9ad56c)
0x6d9ad55c:   01 8b 4d b0 8b 55 a4 8b 45 f4 89 04 8a ff 45 b0
0x6d9ad56c:   8b 03 8b 48 08 0f b7 51 2a 8b 40 0c 8b 4c 90 24 


Stack: [0x03100000,0x03150000],  sp=0x0314f848,  free space=13e0314f37ck
Native frames: (J=compiled Java code, j=interpreted, Vv=VM code, C=native code)
V  [jvm.dll+0xfd56c]
V  [jvm.dll+0x1003c7]
C  [awt.dll+0x6c71c]
j  java.awt.Cursor.finalizeImpl(J)V+0
j  java.awt.Cursor.access$000(J)V+1
j  java.awt.Cursor$CursorDisposer.dispose()V+13
j  sun.java2d.Disposer.run()V+26
j  java.lang.Thread.run()V+11
v  ~StubRoutines::call_stub
V  [jvm.dll+0xf3abc]
V  [jvm.dll+0x1865b1]
V  [jvm.dll+0xf3c87]
V  [jvm.dll+0xf3cfd]
V  [jvm.dll+0x11dac0]
V  [jvm.dll+0x1e6fb4]
V  [jvm.dll+0x185f5c]
C  [msvcr71.dll+0x9565]
C  [kernel32.dll+0xb50b]

Java frames: (J=compiled Java code, j=interpreted, Vv=VM code)
j  java.awt.Cursor.finalizeImpl(J)V+0
j  java.awt.Cursor.access$000(J)V+1
j  java.awt.Cursor$CursorDisposer.dispose()V+13
j  sun.java2d.Disposer.run()V+26
j  java.lang.Thread.run()V+11
v  ~StubRoutines::call_stub

---------------  P R O C E S S  ---------------

Java Threads: ( => current thread )
  0x02f4cc00 JavaThread "TimerQueue" daemon [_thread_blocked, id=3000, stack(0x03750000,0x037a0000)]
  0x002f6800 JavaThread "DestroyJavaVM" [_thread_blocked, id=3408, stack(0x00350000,0x003a0000)]
  0x02c4ec00 JavaThread "AWT-EventQueue-0" [_thread_blocked, id=256, stack(0x03420000,0x03470000)]
  0x02c05c00 JavaThread "AWT-Shutdown" [_thread_blocked, id=296, stack(0x03150000,0x031a0000)]
=>0x02c05000 JavaThread "Java2D Disposer" daemon [_thread_in_vm, id=2892, stack(0x03100000,0x03150000)]
  0x02bbfc00 JavaThread "Low Memory Detector" daemon [_thread_blocked, id=4084, stack(0x02e30000,0x02e80000)]
  0x02bb1000 JavaThread "CompilerThread0" daemon [_thread_blocked, id=2040, stack(0x02de0000,0x02e30000)]
  0x02bafc00 JavaThread "Attach Listener" daemon [_thread_blocked, id=3544, stack(0x02d90000,0x02de0000)]
  0x02bae400 JavaThread "Signal Dispatcher" daemon [_thread_blocked, id=2056, stack(0x02d40000,0x02d90000)]
  0x02b70000 JavaThread "Finalizer" daemon [_thread_blocked, id=836, stack(0x02cf0000,0x02d40000)]
  0x02b6b400 JavaThread "Reference Handler" daemon [_thread_blocked, id=3316, stack(0x02ca0000,0x02cf0000)]

Other Threads:
  0x02b6a000 VMThread [stack: 0x02c50000,0x02ca0000] [id=3484]
  0x02bd3000 WatcherThread [stack: 0x02e80000,0x02ed0000] [id=3436]

VM state:not at safepoint (normal execution)

VM Mutex/Monitor currently owned by a thread: None

Heap
 def new generation   total 4928K, used 330K [0x22a30000, 0x22f80000, 0x27f80000)
  eden space 4416K,   5% used [0x22a30000, 0x22a6f708, 0x22e80000)
  from space 512K,  15% used [0x22e80000, 0x22e934d0, 0x22f00000)
  to   space 512K,   0% used [0x22f00000, 0x22f00000, 0x22f80000)
 tenured generation   total 10944K, used 1111K [0x27f80000, 0x28a30000, 0x32a30000)
   the space 10944K,  10% used [0x27f80000, 0x28095d18, 0x28095e00, 0x28a30000)
 compacting perm gen  total 12288K, used 974K [0x32a30000, 0x33630000, 0x36a30000)
   the space 12288K,   7% used [0x32a30000, 0x32b238b0, 0x32b23a00, 0x33630000)
    ro space 10240K,  54% used [0x36a30000, 0x36fac0f0, 0x36fac200, 0x37430000)
    rw space 12288K,  55% used [0x37430000, 0x37acfb80, 0x37acfc00, 0x38030000)

Dynamic libraries:
0x00400000 - 0x00424000 	C:\Program Files\Java\jdk1.6.0_21\jre\bin\java.exe
0x7c900000 - 0x7c9b0000 	C:\WINDOWS\system32\ntdll.dll
0x7c800000 - 0x7c8f4000 	C:\WINDOWS\system32\kernel32.dll
0x77dd0000 - 0x77e6b000 	C:\WINDOWS\system32\ADVAPI32.dll
0x77e70000 - 0x77f01000 	C:\WINDOWS\system32\RPCRT4.dll
0x7c340000 - 0x7c396000 	C:\Program Files\Java\jdk1.6.0_21\jre\bin\msvcr71.dll
0x6d8b0000 - 0x6db57000 	C:\Program Files\Java\jdk1.6.0_21\jre\bin\client\jvm.dll
0x77d40000 - 0x77dd0000 	C:\WINDOWS\system32\USER32.dll
0x77f10000 - 0x77f56000 	C:\WINDOWS\system32\GDI32.dll
0x76b40000 - 0x76b6d000 	C:\WINDOWS\system32\WINMM.dll
0x76390000 - 0x763ad000 	C:\WINDOWS\system32\IMM32.DLL
0x629c0000 - 0x629c9000 	C:\WINDOWS\system32\LPK.DLL
0x74d90000 - 0x74dfb000 	C:\WINDOWS\system32\USP10.dll
0x77c10000 - 0x77c68000 	C:\WINDOWS\system32\msvcrt.dll
0x6d860000 - 0x6d86c000 	C:\Program Files\Java\jdk1.6.0_21\jre\bin\verify.dll
0x6d3e0000 - 0x6d3ff000 	C:\Program Files\Java\jdk1.6.0_21\jre\bin\java.dll
0x6d340000 - 0x6d348000 	C:\Program Files\Java\jdk1.6.0_21\jre\bin\hpi.dll
0x76bf0000 - 0x76bfb000 	C:\WINDOWS\system32\PSAPI.DLL
0x6d8a0000 - 0x6d8af000 	C:\Program Files\Java\jdk1.6.0_21\jre\bin\zip.dll
0x6d0b0000 - 0x6d1fa000 	C:\Program Files\Java\jdk1.6.0_21\jre\bin\awt.dll
0x73000000 - 0x73026000 	C:\WINDOWS\system32\WINSPOOL.DRV
0x774e0000 - 0x7761c000 	C:\WINDOWS\system32\ole32.dll
0x773d0000 - 0x774d2000 	C:\WINDOWS\WinSxS\x86_Microsoft.Windows.Common-Controls_6595b64144ccf1df_6.0.2600.2180_x-ww_a84f1ff9\COMCTL32.dll
0x77f60000 - 0x77fd6000 	C:\WINDOWS\system32\SHLWAPI.dll
0x10000000 - 0x1000a000 	C:\WINDOWS\system32\MSNCHATHOOK.DLL
0x031f0000 - 0x0321d000 	C:\WINDOWS\system32\sysenv.dll
0x77c00000 - 0x77c08000 	C:\WINDOWS\system32\VERSION.dll
0x7c9c0000 - 0x7d1d4000 	C:\WINDOWS\system32\SHELL32.dll
0x77120000 - 0x771ac000 	C:\WINDOWS\system32\OLEAUT32.dll
0x74c80000 - 0x74cac000 	C:\WINDOWS\system32\OLEACC.dll
0x76080000 - 0x760e5000 	C:\WINDOWS\system32\MSVCP60.dll
0x03220000 - 0x03288000 	C:\WINDOWS\system32\CryptoAPI.dll
0x03290000 - 0x03392000 	C:\WINDOWS\system32\MFC71U.DLL
0x7c3a0000 - 0x7c41b000 	C:\WINDOWS\system32\MSVCP71.dll
0x74720000 - 0x7476b000 	C:\WINDOWS\system32\MSCTF.dll
0x755c0000 - 0x755ee000 	C:\WINDOWS\system32\msctfime.ime
0x6d2e0000 - 0x6d334000 	C:\Program Files\Java\jdk1.6.0_21\jre\bin\fontmanager.dll
0x6d6c0000 - 0x6d6d3000 	C:\Program Files\Java\jdk1.6.0_21\jre\bin\net.dll
0x71ab0000 - 0x71ac7000 	C:\WINDOWS\system32\WS2_32.dll
0x71aa0000 - 0x71aa8000 	C:\WINDOWS\system32\WS2HELP.dll
0x6d6e0000 - 0x6d6e9000 	C:\Program Files\Java\jdk1.6.0_21\jre\bin\nio.dll
0x5ad70000 - 0x5ada8000 	C:\WINDOWS\system32\UXTHEME.DLL
0x03ce0000 - 0x03ce8000 	C:\Acer\Empowering Technology\ePower\SysHook.dll
0x73dd0000 - 0x73ece000 	C:\WINDOWS\system32\MFC42.DLL

VM Arguments:
jvm_args: -Dfile.encoding=UTF-8 
java_command: GUI.GUI_Principal
Launcher Type: SUN_STANDARD

Environment Variables:
PATH=C:\Program Files\PC Connectivity Solution\;C:\WINDOWS\system32;C:\WINDOWS;C:\WINDOWS\system32\wbem;C:\Program Files\PC Connectivity Solution;C:\Program Files\ATI Technologies\ATI.ACE;C:\Program Files\Java\jre6\bin;C:\Program Files\Java\jdk1.6.0_02\bin;C:\Program Files\GTK2-Runtime\bin;;C:\PROGRA~1\COMMON~1\MUVEET~1\030625
USERNAME=gaby
OS=Windows_NT
PROCESSOR_IDENTIFIER=x86 Family 15 Model 76 Stepping 2, AuthenticAMD



---------------  S Y S T E M  ---------------

OS: Windows XP Build 2600 Service Pack 2

CPU:total 1 (1 cores per cpu, 1 threads per core) family 15 model 76 stepping 2, cmov, cx8, fxsr, mmx, sse, sse2, sse3, mmxext, 3dnow, 3dnowext

Memory: 4k page, physical 1308776k(115640k free), swap 1770416k(657540k free)

vm_info: Java HotSpot(TM) Client VM (17.0-b16) for windows-x86 JRE (1.6.0_21-b06), built on Jun 22 2010 00:56:49 by "java_re" with MS VC++ 7.1 (VS2003)

time: Tue Sep 07 02:34:29 2010
elapsed time: 34 seconds

